g:\workplace_c++\lua5.2.2\luaexe522\debug\vc120.pdb
g:\workplace_c++\lua5.2.2\luaexe522\debug\vc120.idb
g:\workplace_c++\lua5.2.2\luaexe522\debug\linit.obj
g:\workplace_c++\lua5.2.2\luaexe522\debug\liolib.obj
g:\workplace_c++\lua5.2.2\luaexe522\debug\llex.obj
g:\workplace_c++\lua5.2.2\luaexe522\debug\lmathlib.obj
g:\workplace_c++\lua5.2.2\luaexe522\debug\lmem.obj
g:\workplace_c++\lua5.2.2\luaexe522\debug\loadlib.obj
g:\workplace_c++\lua5.2.2\luaexe522\debug\lobject.obj
g:\workplace_c++\lua5.2.2\luaexe522\debug\lopcodes.obj
g:\workplace_c++\lua5.2.2\luaexe522\debug\loslib.obj
g:\workplace_c++\lua5.2.2\luaexe522\debug\lparser.obj
g:\workplace_c++\lua5.2.2\luaexe522\debug\lstate.obj
g:\workplace_c++\lua5.2.2\luaexe522\debug\lstring.obj
g:\workplace_c++\lua5.2.2\luaexe522\debug\lstrlib.obj
g:\workplace_c++\lua5.2.2\luaexe522\debug\ltable.obj
g:\workplace_c++\lua5.2.2\luaexe522\debug\ltablib.obj
g:\workplace_c++\lua5.2.2\luaexe522\debug\ltm.obj
g:\workplace_c++\lua5.2.2\luaexe522\debug\lua.obj
g:\workplace_c++\lua5.2.2\luaexe522\debug\lundump.obj
g:\workplace_c++\lua5.2.2\luaexe522\debug\lvm.obj
g:\workplace_c++\lua5.2.2\luaexe522\debug\lzio.obj
g:\workplace_c++\lua5.2.2\luaexe522\debug\lapi.obj
g:\workplace_c++\lua5.2.2\luaexe522\debug\lauxlib.obj
g:\workplace_c++\lua5.2.2\luaexe522\debug\lbaselib.obj
g:\workplace_c++\lua5.2.2\luaexe522\debug\lbitlib.obj
g:\workplace_c++\lua5.2.2\luaexe522\debug\lcode.obj
g:\workplace_c++\lua5.2.2\luaexe522\debug\lcorolib.obj
g:\workplace_c++\lua5.2.2\luaexe522\debug\lctype.obj
g:\workplace_c++\lua5.2.2\luaexe522\debug\ldblib.obj
g:\workplace_c++\lua5.2.2\luaexe522\debug\ldebug.obj
g:\workplace_c++\lua5.2.2\luaexe522\debug\ldo.obj
g:\workplace_c++\lua5.2.2\luaexe522\debug\ldump.obj
g:\workplace_c++\lua5.2.2\luaexe522\debug\lfunc.obj
g:\workplace_c++\lua5.2.2\luaexe522\debug\lgc.obj
g:\workplace_c++\lua5.2.2\debug\luaexe522.ilk
g:\workplace_c++\lua5.2.2\debug\luaexe522.exe
g:\workplace_c++\lua5.2.2\debug\luaexe522.pdb
g:\workplace_c++\lua5.2.2\luaexe522\debug\luaexe522.tlog\cl.command.1.tlog
g:\workplace_c++\lua5.2.2\luaexe522\debug\luaexe522.tlog\cl.read.1.tlog
g:\workplace_c++\lua5.2.2\luaexe522\debug\luaexe522.tlog\cl.write.1.tlog
g:\workplace_c++\lua5.2.2\luaexe522\debug\luaexe522.tlog\link.command.1.tlog
g:\workplace_c++\lua5.2.2\luaexe522\debug\luaexe522.tlog\link.read.1.tlog
g:\workplace_c++\lua5.2.2\luaexe522\debug\luaexe522.tlog\link.write.1.tlog
