g:\workplace_c++\lua5.2.2\lua5.2.2\debug\vc120.pdb
g:\workplace_c++\lua5.2.2\lua5.2.2\debug\vc120.idb
g:\workplace_c++\lua5.2.2\lua5.2.2\debug\lgc.obj
g:\workplace_c++\lua5.2.2\lua5.2.2\debug\linit.obj
g:\workplace_c++\lua5.2.2\lua5.2.2\debug\liolib.obj
g:\workplace_c++\lua5.2.2\lua5.2.2\debug\llex.obj
g:\workplace_c++\lua5.2.2\lua5.2.2\debug\lmathlib.obj
g:\workplace_c++\lua5.2.2\lua5.2.2\debug\lmem.obj
g:\workplace_c++\lua5.2.2\lua5.2.2\debug\loadlib.obj
g:\workplace_c++\lua5.2.2\lua5.2.2\debug\lobject.obj
g:\workplace_c++\lua5.2.2\lua5.2.2\debug\lopcodes.obj
g:\workplace_c++\lua5.2.2\lua5.2.2\debug\loslib.obj
g:\workplace_c++\lua5.2.2\lua5.2.2\debug\lparser.obj
g:\workplace_c++\lua5.2.2\lua5.2.2\debug\lstate.obj
g:\workplace_c++\lua5.2.2\lua5.2.2\debug\lstring.obj
g:\workplace_c++\lua5.2.2\lua5.2.2\debug\lstrlib.obj
g:\workplace_c++\lua5.2.2\lua5.2.2\debug\ltable.obj
g:\workplace_c++\lua5.2.2\lua5.2.2\debug\ltablib.obj
g:\workplace_c++\lua5.2.2\lua5.2.2\debug\ltm.obj
g:\workplace_c++\lua5.2.2\lua5.2.2\debug\lundump.obj
g:\workplace_c++\lua5.2.2\lua5.2.2\debug\lvm.obj
g:\workplace_c++\lua5.2.2\lua5.2.2\debug\lzio.obj
g:\workplace_c++\lua5.2.2\lua5.2.2\debug\lapi.obj
g:\workplace_c++\lua5.2.2\lua5.2.2\debug\lauxlib.obj
g:\workplace_c++\lua5.2.2\lua5.2.2\debug\lbaselib.obj
g:\workplace_c++\lua5.2.2\lua5.2.2\debug\lbitlib.obj
g:\workplace_c++\lua5.2.2\lua5.2.2\debug\lcode.obj
g:\workplace_c++\lua5.2.2\lua5.2.2\debug\lcorolib.obj
g:\workplace_c++\lua5.2.2\lua5.2.2\debug\lctype.obj
g:\workplace_c++\lua5.2.2\lua5.2.2\debug\ldblib.obj
g:\workplace_c++\lua5.2.2\lua5.2.2\debug\ldebug.obj
g:\workplace_c++\lua5.2.2\lua5.2.2\debug\ldo.obj
g:\workplace_c++\lua5.2.2\lua5.2.2\debug\ldump.obj
g:\workplace_c++\lua5.2.2\lua5.2.2\debug\lfunc.obj
g:\workplace_c++\lua5.2.2\debug\lua5.2.2.lib
g:\workplace_c++\lua5.2.2\lua5.2.2\debug\lua5.2.2.tlog\cl.command.1.tlog
g:\workplace_c++\lua5.2.2\lua5.2.2\debug\lua5.2.2.tlog\cl.read.1.tlog
g:\workplace_c++\lua5.2.2\lua5.2.2\debug\lua5.2.2.tlog\cl.write.1.tlog
g:\workplace_c++\lua5.2.2\lua5.2.2\debug\lua5.2.2.tlog\lib.command.1.tlog
g:\workplace_c++\lua5.2.2\lua5.2.2\debug\lua5.2.2.tlog\lib.read.1.tlog
g:\workplace_c++\lua5.2.2\lua5.2.2\debug\lua5.2.2.tlog\lib.write.1.tlog
